<?xml version="1.0" encoding="UTF-8"?>
<!-- Generated by org.testng.reporters.JUnitReportReporter -->
<testsuite hostname="DESKTOP-HVLADVB" failures="0" tests="1" name="pom.Framework.validateNavigationBar" time="0.083" errors="0" timestamp="2021-10-19T19:14:55 IST" skipped="0">
  <testcase classname="pom.Framework.validateNavigationBar" name="validateAppNavBar" time="0.083"/>
  <system-out/>
</testsuite> <!-- pom.Framework.validateNavigationBar -->
