<?xml version="1.0" encoding="UTF-8"?>
<!-- Generated by org.testng.reporters.JUnitReportReporter -->
<testsuite hostname="DESKTOP-HVLADVB" failures="0" tests="2" name="pom.Framework.HomePage" time="7.600" errors="0" timestamp="2021-10-19T19:14:55 IST" skipped="0">
  <testcase classname="pom.Framework.HomePage" name="basePageNavigation" time="5.575"/>
  <system-out/>
  <testcase classname="pom.Framework.HomePage" name="basePageNavigation" time="2.025"/>
  <system-out/>
</testsuite> <!-- pom.Framework.HomePage -->
